<?xml version="1.0" encoding="UTF-8"?>
<!-- Generated by org.testng.reporters.JUnitReportReporter -->
<testsuite hostname="DESKTOP-A7PUH0H" failures="0" tests="1" name="Jv.practice" time="3.461" errors="0" timestamp="2024-03-18T14:58:49 IST" skipped="0">
  <testcase classname="Jv.practice" name="select" time="3.461"/>
</testsuite> <!-- Jv.practice -->
