<?xml version="1.0" encoding="UTF-8"?>
<!-- Generated by org.testng.reporters.JUnitReportReporter -->
<testsuite hostname="DESKTOP-A7PUH0H" failures="0" tests="1" name="Jv.A2" time="4.888" errors="0" timestamp="2024-02-07T15:14:17 IST" skipped="0">
  <testcase classname="Jv.A2" name="css" time="4.888"/>
</testsuite> <!-- Jv.A2 -->
