<?xml version="1.0" encoding="UTF-8"?>
<!-- Generated by org.testng.reporters.JUnitReportReporter -->
<testsuite hostname="DESKTOP-A7PUH0H" failures="0" tests="1" name="Jv.Assignment" time="6.944" errors="0" timestamp="2024-02-09T13:14:36 IST" skipped="0">
  <testcase classname="Jv.Assignment" name="setUp" time="6.944"/>
</testsuite> <!-- Jv.Assignment -->
